[2023-06-10 17:55:01] local.ERROR: Illuminate\Routing\RouteFileRegistrar::{closure}(): Failed opening required '/Volumes/Mac OS/Users/malcolm/Documents/clientes/Svcbmf/App-Pagos/backend-api/routes/api_routes/category.php' (include_path='.:/usr/local/Cellar/php/7.3.2/share/php/pear') {"exception":"[object] (Symfony\\Component\\ErrorHandler\\Error\\FatalError(code: 0): Illuminate\\Routing\\RouteFileRegistrar::{closure}(): Failed opening required '/Volumes/Mac OS/Users/malcolm/Documents/clientes/Svcbmf/App-Pagos/backend-api/routes/api_routes/category.php' (include_path='.:/usr/local/Cellar/php/7.3.2/share/php/pear') at /Volumes/Mac OS/Users/malcolm/Documents/clientes/Svcbmf/App-Pagos/backend-api/routes/api.php:62)
[stacktrace]
#0 {main}
"} 
[2023-06-10 18:25:46] local.ERROR: SQLSTATE[42S22]: Column not found: 1054 Unknown column 'username' in 'where clause' (SQL: select * from `directories` where (`username` like %mal% or `email` like %mal% or `nombre` like %mal%) and `directories`.`deleted_at` is null) {"exception":"[object] (Illuminate\\Database\\QueryException(code: 42S22): SQLSTATE[42S22]: Column not found: 1054 Unknown column 'username' in 'where clause' (SQL: select * from `directories` where (`username` like %mal% or `email` like %mal% or `nombre` like %mal%) and `directories`.`deleted_at` is null) at /Volumes/Mac OS/Users/malcolm/Documents/clientes/Svcbmf/App-Pagos/backend-api/vendor/laravel/framework/src/Illuminate/Database/Connection.php:712)
[stacktrace]
#0 /Volumes/Mac OS/Users/malcolm/Documents/clientes/Svcbmf/App-Pagos/backend-api/vendor/laravel/framework/src/Illuminate/Database/Connection.php(672): Illuminate\\Database\\Connection->runQueryCallback('select * from `...', Array, Object(Closure))
#1 /Volumes/Mac OS/Users/malcolm/Documents/clientes/Svcbmf/App-Pagos/backend-api/vendor/laravel/framework/src/Illuminate/Database/Connection.php(376): Illuminate\\Database\\Connection->run('select * from `...', Array, Object(Closure))
#2 /Volumes/Mac OS/Users/malcolm/Documents/clientes/Svcbmf/App-Pagos/backend-api/vendor/laravel/framework/src/Illuminate/Database/Query/Builder.php(2414): Illuminate\\Database\\Connection->select('select * from `...', Array, true)
#3 /Volumes/Mac OS/Users/malcolm/Documents/clientes/Svcbmf/App-Pagos/backend-api/vendor/laravel/framework/src/Illuminate/Database/Query/Builder.php(2402): Illuminate\\Database\\Query\\Builder->runSelect()
#4 /Volumes/Mac OS/Users/malcolm/Documents/clientes/Svcbmf/App-Pagos/backend-api/vendor/laravel/framework/src/Illuminate/Database/Query/Builder.php(2936): Illuminate\\Database\\Query\\Builder->Illuminate\\Database\\Query\\{closure}()
#5 /Volumes/Mac OS/Users/malcolm/Documents/clientes/Svcbmf/App-Pagos/backend-api/vendor/laravel/framework/src/Illuminate/Database/Query/Builder.php(2403): Illuminate\\Database\\Query\\Builder->onceWithColumns(Array, Object(Closure))
#6 /Volumes/Mac OS/Users/malcolm/Documents/clientes/Svcbmf/App-Pagos/backend-api/vendor/laravel/framework/src/Illuminate/Database/Eloquent/Builder.php(625): Illuminate\\Database\\Query\\Builder->get(Array)
#7 /Volumes/Mac OS/Users/malcolm/Documents/clientes/Svcbmf/App-Pagos/backend-api/vendor/laravel/framework/src/Illuminate/Database/Eloquent/Builder.php(609): Illuminate\\Database\\Eloquent\\Builder->getModels(Array)
#8 /Volumes/Mac OS/Users/malcolm/Documents/clientes/Svcbmf/App-Pagos/backend-api/app/Models/Directory.php(110): Illuminate\\Database\\Eloquent\\Builder->get()
#9 /Volumes/Mac OS/Users/malcolm/Documents/clientes/Svcbmf/App-Pagos/backend-api/app/Http/Controllers/Admin/AdminDirectoryController.php(325): App\\Models\\Directory::search('mal')
#10 /Volumes/Mac OS/Users/malcolm/Documents/clientes/Svcbmf/App-Pagos/backend-api/vendor/laravel/framework/src/Illuminate/Routing/Controller.php(54): App\\Http\\Controllers\\Admin\\AdminDirectoryController->search(Object(Illuminate\\Http\\Request))
#11 /Volumes/Mac OS/Users/malcolm/Documents/clientes/Svcbmf/App-Pagos/backend-api/vendor/laravel/framework/src/Illuminate/Routing/ControllerDispatcher.php(45): Illuminate\\Routing\\Controller->callAction('search', Array)
#12 /Volumes/Mac OS/Users/malcolm/Documents/clientes/Svcbmf/App-Pagos/backend-api/vendor/laravel/framework/src/Illuminate/Routing/Route.php(262): Illuminate\\Routing\\ControllerDispatcher->dispatch(Object(Illuminate\\Routing\\Route), Object(App\\Http\\Controllers\\Admin\\AdminDirectoryController), 'search')
#13 /Volumes/Mac OS/Users/malcolm/Documents/clientes/Svcbmf/App-Pagos/backend-api/vendor/laravel/framework/src/Illuminate/Routing/Route.php(205): Illuminate\\Routing\\Route->runController()
#14 /Volumes/Mac OS/Users/malcolm/Documents/clientes/Svcbmf/App-Pagos/backend-api/vendor/laravel/framework/src/Illuminate/Routing/Router.php(721): Illuminate\\Routing\\Route->run()
#15 /Volumes/Mac OS/Users/malcolm/Documents/clientes/Svcbmf/App-Pagos/backend-api/vendor/laravel/framework/src/Illuminate/Pipeline/Pipeline.php(128): Illuminate\\Routing\\Router->Illuminate\\Routing\\{closure}(Object(Illuminate\\Http\\Request))
#16 /Volumes/Mac OS/Users/malcolm/Documents/clientes/Svcbmf/App-Pagos/backend-api/vendor/laravel/framework/src/Illuminate/Routing/Middleware/SubstituteBindings.php(50): Illuminate\\Pipeline\\Pipeline->Illuminate\\Pipeline\\{closure}(Object(Illuminate\\Http\\Request))
#17 /Volumes/Mac OS/Users/malcolm/Documents/clientes/Svcbmf/App-Pagos/backend-api/vendor/laravel/framework/src/Illuminate/Pipeline/Pipeline.php(167): Illuminate\\Routing\\Middleware\\SubstituteBindings->handle(Object(Illuminate\\Http\\Request), Object(Closure))
#18 /Volumes/Mac OS/Users/malcolm/Documents/clientes/Svcbmf/App-Pagos/backend-api/vendor/laravel/framework/src/Illuminate/Routing/Middleware/ThrottleRequests.php(127): Illuminate\\Pipeline\\Pipeline->Illuminate\\Pipeline\\{closure}(Object(Illuminate\\Http\\Request))
#19 /Volumes/Mac OS/Users/malcolm/Documents/clientes/Svcbmf/App-Pagos/backend-api/vendor/laravel/framework/src/Illuminate/Routing/Middleware/ThrottleRequests.php(103): Illuminate\\Routing\\Middleware\\ThrottleRequests->handleRequest(Object(Illuminate\\Http\\Request), Object(Closure), Array)
#20 /Volumes/Mac OS/Users/malcolm/Documents/clientes/Svcbmf/App-Pagos/backend-api/vendor/laravel/framework/src/Illuminate/Routing/Middleware/ThrottleRequests.php(55): Illuminate\\Routing\\Middleware\\ThrottleRequests->handleRequestUsingNamedLimiter(Object(Illuminate\\Http\\Request), Object(Closure), 'api', Object(Closure))
#21 /Volumes/Mac OS/Users/malcolm/Documents/clientes/Svcbmf/App-Pagos/backend-api/vendor/laravel/framework/src/Illuminate/Pipeline/Pipeline.php(167): Illuminate\\Routing\\Middleware\\ThrottleRequests->handle(Object(Illuminate\\Http\\Request), Object(Closure), 'api')
#22 /Volumes/Mac OS/Users/malcolm/Documents/clientes/Svcbmf/App-Pagos/backend-api/vendor/laravel/framework/src/Illuminate/Pipeline/Pipeline.php(103): Illuminate\\Pipeline\\Pipeline->Illuminate\\Pipeline\\{closure}(Object(Illuminate\\Http\\Request))
#23 /Volumes/Mac OS/Users/malcolm/Documents/clientes/Svcbmf/App-Pagos/backend-api/vendor/laravel/framework/src/Illuminate/Routing/Router.php(723): Illuminate\\Pipeline\\Pipeline->then(Object(Closure))
#24 /Volumes/Mac OS/Users/malcolm/Documents/clientes/Svcbmf/App-Pagos/backend-api/vendor/laravel/framework/src/Illuminate/Routing/Router.php(698): Illuminate\\Routing\\Router->runRouteWithinStack(Object(Illuminate\\Routing\\Route), Object(Illuminate\\Http\\Request))
#25 /Volumes/Mac OS/Users/malcolm/Documents/clientes/Svcbmf/App-Pagos/backend-api/vendor/laravel/framework/src/Illuminate/Routing/Router.php(662): Illuminate\\Routing\\Router->runRoute(Object(Illuminate\\Http\\Request), Object(Illuminate\\Routing\\Route))
#26 /Volumes/Mac OS/Users/malcolm/Documents/clientes/Svcbmf/App-Pagos/backend-api/vendor/laravel/framework/src/Illuminate/Routing/Router.php(651): Illuminate\\Routing\\Router->dispatchToRoute(Object(Illuminate\\Http\\Request))
#27 /Volumes/Mac OS/Users/malcolm/Documents/clientes/Svcbmf/App-Pagos/backend-api/vendor/laravel/framework/src/Illuminate/Foundation/Http/Kernel.php(167): Illuminate\\Routing\\Router->dispatch(Object(Illuminate\\Http\\Request))
#28 /Volumes/Mac OS/Users/malcolm/Documents/clientes/Svcbmf/App-Pagos/backend-api/vendor/laravel/framework/src/Illuminate/Pipeline/Pipeline.php(128): Illuminate\\Foundation\\Http\\Kernel->Illuminate\\Foundation\\Http\\{closure}(Object(Illuminate\\Http\\Request))
#29 /Volumes/Mac OS/Users/malcolm/Documents/clientes/Svcbmf/App-Pagos/backend-api/vendor/laravel/framework/src/Illuminate/Foundation/Http/Middleware/TransformsRequest.php(21): Illuminate\\Pipeline\\Pipeline->Illuminate\\Pipeline\\{closure}(Object(Illuminate\\Http\\Request))
#30 /Volumes/Mac OS/Users/malcolm/Documents/clientes/Svcbmf/App-Pagos/backend-api/vendor/laravel/framework/src/Illuminate/Foundation/Http/Middleware/ConvertEmptyStringsToNull.php(31): Illuminate\\Foundation\\Http\\Middleware\\TransformsRequest->handle(Object(Illuminate\\Http\\Request), Object(Closure))
#31 /Volumes/Mac OS/Users/malcolm/Documents/clientes/Svcbmf/App-Pagos/backend-api/vendor/laravel/framework/src/Illuminate/Pipeline/Pipeline.php(167): Illuminate\\Foundation\\Http\\Middleware\\ConvertEmptyStringsToNull->handle(Object(Illuminate\\Http\\Request), Object(Closure))
#32 /Volumes/Mac OS/Users/malcolm/Documents/clientes/Svcbmf/App-Pagos/backend-api/vendor/laravel/framework/src/Illuminate/Foundation/Http/Middleware/TransformsRequest.php(21): Illuminate\\Pipeline\\Pipeline->Illuminate\\Pipeline\\{closure}(Object(Illuminate\\Http\\Request))
#33 /Volumes/Mac OS/Users/malcolm/Documents/clientes/Svcbmf/App-Pagos/backend-api/vendor/laravel/framework/src/Illuminate/Foundation/Http/Middleware/TrimStrings.php(40): Illuminate\\Foundation\\Http\\Middleware\\TransformsRequest->handle(Object(Illuminate\\Http\\Request), Object(Closure))
#34 /Volumes/Mac OS/Users/malcolm/Documents/clientes/Svcbmf/App-Pagos/backend-api/vendor/laravel/framework/src/Illuminate/Pipeline/Pipeline.php(167): Illuminate\\Foundation\\Http\\Middleware\\TrimStrings->handle(Object(Illuminate\\Http\\Request), Object(Closure))
#35 /Volumes/Mac OS/Users/malcolm/Documents/clientes/Svcbmf/App-Pagos/backend-api/vendor/laravel/framework/src/Illuminate/Foundation/Http/Middleware/ValidatePostSize.php(27): Illuminate\\Pipeline\\Pipeline->Illuminate\\Pipeline\\{closure}(Object(Illuminate\\Http\\Request))
#36 /Volumes/Mac OS/Users/malcolm/Documents/clientes/Svcbmf/App-Pagos/backend-api/vendor/laravel/framework/src/Illuminate/Pipeline/Pipeline.php(167): Illuminate\\Foundation\\Http\\Middleware\\ValidatePostSize->handle(Object(Illuminate\\Http\\Request), Object(Closure))
#37 /Volumes/Mac OS/Users/malcolm/Documents/clientes/Svcbmf/App-Pagos/backend-api/vendor/laravel/framework/src/Illuminate/Foundation/Http/Middleware/PreventRequestsDuringMaintenance.php(86): Illuminate\\Pipeline\\Pipeline->Illuminate\\Pipeline\\{closure}(Object(Illuminate\\Http\\Request))
#38 /Volumes/Mac OS/Users/malcolm/Documents/clientes/Svcbmf/App-Pagos/backend-api/vendor/laravel/framework/src/Illuminate/Pipeline/Pipeline.php(167): Illuminate\\Foundation\\Http\\Middleware\\PreventRequestsDuringMaintenance->handle(Object(Illuminate\\Http\\Request), Object(Closure))
#39 /Volumes/Mac OS/Users/malcolm/Documents/clientes/Svcbmf/App-Pagos/backend-api/vendor/fruitcake/laravel-cors/src/HandleCors.php(52): Illuminate\\Pipeline\\Pipeline->Illuminate\\Pipeline\\{closure}(Object(Illuminate\\Http\\Request))
#40 /Volumes/Mac OS/Users/malcolm/Documents/clientes/Svcbmf/App-Pagos/backend-api/vendor/laravel/framework/src/Illuminate/Pipeline/Pipeline.php(167): Fruitcake\\Cors\\HandleCors->handle(Object(Illuminate\\Http\\Request), Object(Closure))
#41 /Volumes/Mac OS/Users/malcolm/Documents/clientes/Svcbmf/App-Pagos/backend-api/vendor/laravel/framework/src/Illuminate/Http/Middleware/TrustProxies.php(39): Illuminate\\Pipeline\\Pipeline->Illuminate\\Pipeline\\{closure}(Object(Illuminate\\Http\\Request))
#42 /Volumes/Mac OS/Users/malcolm/Documents/clientes/Svcbmf/App-Pagos/backend-api/vendor/laravel/framework/src/Illuminate/Pipeline/Pipeline.php(167): Illuminate\\Http\\Middleware\\TrustProxies->handle(Object(Illuminate\\Http\\Request), Object(Closure))
#43 /Volumes/Mac OS/Users/malcolm/Documents/clientes/Svcbmf/App-Pagos/backend-api/vendor/laravel/framework/src/Illuminate/Pipeline/Pipeline.php(103): Illuminate\\Pipeline\\Pipeline->Illuminate\\Pipeline\\{closure}(Object(Illuminate\\Http\\Request))
#44 /Volumes/Mac OS/Users/malcolm/Documents/clientes/Svcbmf/App-Pagos/backend-api/vendor/laravel/framework/src/Illuminate/Foundation/Http/Kernel.php(142): Illuminate\\Pipeline\\Pipeline->then(Object(Closure))
#45 /Volumes/Mac OS/Users/malcolm/Documents/clientes/Svcbmf/App-Pagos/backend-api/vendor/laravel/framework/src/Illuminate/Foundation/Http/Kernel.php(111): Illuminate\\Foundation\\Http\\Kernel->sendRequestThroughRouter(Object(Illuminate\\Http\\Request))
#46 /Volumes/Mac OS/Users/malcolm/Documents/clientes/Svcbmf/App-Pagos/backend-api/public/index.php(52): Illuminate\\Foundation\\Http\\Kernel->handle(Object(Illuminate\\Http\\Request))
#47 /Volumes/Mac OS/Users/malcolm/Documents/clientes/Svcbmf/App-Pagos/backend-api/server.php(21): require_once('/Volumes/Mac OS...')
#48 {main}

[previous exception] [object] (PDOException(code: 42S22): SQLSTATE[42S22]: Column not found: 1054 Unknown column 'username' in 'where clause' at /Volumes/Mac OS/Users/malcolm/Documents/clientes/Svcbmf/App-Pagos/backend-api/vendor/laravel/framework/src/Illuminate/Database/Connection.php:368)
[stacktrace]
#0 /Volumes/Mac OS/Users/malcolm/Documents/clientes/Svcbmf/App-Pagos/backend-api/vendor/laravel/framework/src/Illuminate/Database/Connection.php(368): PDO->prepare('select * from `...')
#1 /Volumes/Mac OS/Users/malcolm/Documents/clientes/Svcbmf/App-Pagos/backend-api/vendor/laravel/framework/src/Illuminate/Database/Connection.php(705): Illuminate\\Database\\Connection->Illuminate\\Database\\{closure}('select * from `...', Array)
#2 /Volumes/Mac OS/Users/malcolm/Documents/clientes/Svcbmf/App-Pagos/backend-api/vendor/laravel/framework/src/Illuminate/Database/Connection.php(672): Illuminate\\Database\\Connection->runQueryCallback('select * from `...', Array, Object(Closure))
#3 /Volumes/Mac OS/Users/malcolm/Documents/clientes/Svcbmf/App-Pagos/backend-api/vendor/laravel/framework/src/Illuminate/Database/Connection.php(376): Illuminate\\Database\\Connection->run('select * from `...', Array, Object(Closure))
#4 /Volumes/Mac OS/Users/malcolm/Documents/clientes/Svcbmf/App-Pagos/backend-api/vendor/laravel/framework/src/Illuminate/Database/Query/Builder.php(2414): Illuminate\\Database\\Connection->select('select * from `...', Array, true)
#5 /Volumes/Mac OS/Users/malcolm/Documents/clientes/Svcbmf/App-Pagos/backend-api/vendor/laravel/framework/src/Illuminate/Database/Query/Builder.php(2402): Illuminate\\Database\\Query\\Builder->runSelect()
#6 /Volumes/Mac OS/Users/malcolm/Documents/clientes/Svcbmf/App-Pagos/backend-api/vendor/laravel/framework/src/Illuminate/Database/Query/Builder.php(2936): Illuminate\\Database\\Query\\Builder->Illuminate\\Database\\Query\\{closure}()
#7 /Volumes/Mac OS/Users/malcolm/Documents/clientes/Svcbmf/App-Pagos/backend-api/vendor/laravel/framework/src/Illuminate/Database/Query/Builder.php(2403): Illuminate\\Database\\Query\\Builder->onceWithColumns(Array, Object(Closure))
#8 /Volumes/Mac OS/Users/malcolm/Documents/clientes/Svcbmf/App-Pagos/backend-api/vendor/laravel/framework/src/Illuminate/Database/Eloquent/Builder.php(625): Illuminate\\Database\\Query\\Builder->get(Array)
#9 /Volumes/Mac OS/Users/malcolm/Documents/clientes/Svcbmf/App-Pagos/backend-api/vendor/laravel/framework/src/Illuminate/Database/Eloquent/Builder.php(609): Illuminate\\Database\\Eloquent\\Builder->getModels(Array)
#10 /Volumes/Mac OS/Users/malcolm/Documents/clientes/Svcbmf/App-Pagos/backend-api/app/Models/Directory.php(110): Illuminate\\Database\\Eloquent\\Builder->get()
#11 /Volumes/Mac OS/Users/malcolm/Documents/clientes/Svcbmf/App-Pagos/backend-api/app/Http/Controllers/Admin/AdminDirectoryController.php(325): App\\Models\\Directory::search('mal')
#12 /Volumes/Mac OS/Users/malcolm/Documents/clientes/Svcbmf/App-Pagos/backend-api/vendor/laravel/framework/src/Illuminate/Routing/Controller.php(54): App\\Http\\Controllers\\Admin\\AdminDirectoryController->search(Object(Illuminate\\Http\\Request))
#13 /Volumes/Mac OS/Users/malcolm/Documents/clientes/Svcbmf/App-Pagos/backend-api/vendor/laravel/framework/src/Illuminate/Routing/ControllerDispatcher.php(45): Illuminate\\Routing\\Controller->callAction('search', Array)
#14 /Volumes/Mac OS/Users/malcolm/Documents/clientes/Svcbmf/App-Pagos/backend-api/vendor/laravel/framework/src/Illuminate/Routing/Route.php(262): Illuminate\\Routing\\ControllerDispatcher->dispatch(Object(Illuminate\\Routing\\Route), Object(App\\Http\\Controllers\\Admin\\AdminDirectoryController), 'search')
#15 /Volumes/Mac OS/Users/malcolm/Documents/clientes/Svcbmf/App-Pagos/backend-api/vendor/laravel/framework/src/Illuminate/Routing/Route.php(205): Illuminate\\Routing\\Route->runController()
#16 /Volumes/Mac OS/Users/malcolm/Documents/clientes/Svcbmf/App-Pagos/backend-api/vendor/laravel/framework/src/Illuminate/Routing/Router.php(721): Illuminate\\Routing\\Route->run()
#17 /Volumes/Mac OS/Users/malcolm/Documents/clientes/Svcbmf/App-Pagos/backend-api/vendor/laravel/framework/src/Illuminate/Pipeline/Pipeline.php(128): Illuminate\\Routing\\Router->Illuminate\\Routing\\{closure}(Object(Illuminate\\Http\\Request))
#18 /Volumes/Mac OS/Users/malcolm/Documents/clientes/Svcbmf/App-Pagos/backend-api/vendor/laravel/framework/src/Illuminate/Routing/Middleware/SubstituteBindings.php(50): Illuminate\\Pipeline\\Pipeline->Illuminate\\Pipeline\\{closure}(Object(Illuminate\\Http\\Request))
#19 /Volumes/Mac OS/Users/malcolm/Documents/clientes/Svcbmf/App-Pagos/backend-api/vendor/laravel/framework/src/Illuminate/Pipeline/Pipeline.php(167): Illuminate\\Routing\\Middleware\\SubstituteBindings->handle(Object(Illuminate\\Http\\Request), Object(Closure))
#20 /Volumes/Mac OS/Users/malcolm/Documents/clientes/Svcbmf/App-Pagos/backend-api/vendor/laravel/framework/src/Illuminate/Routing/Middleware/ThrottleRequests.php(127): Illuminate\\Pipeline\\Pipeline->Illuminate\\Pipeline\\{closure}(Object(Illuminate\\Http\\Request))
#21 /Volumes/Mac OS/Users/malcolm/Documents/clientes/Svcbmf/App-Pagos/backend-api/vendor/laravel/framework/src/Illuminate/Routing/Middleware/ThrottleRequests.php(103): Illuminate\\Routing\\Middleware\\ThrottleRequests->handleRequest(Object(Illuminate\\Http\\Request), Object(Closure), Array)
#22 /Volumes/Mac OS/Users/malcolm/Documents/clientes/Svcbmf/App-Pagos/backend-api/vendor/laravel/framework/src/Illuminate/Routing/Middleware/ThrottleRequests.php(55): Illuminate\\Routing\\Middleware\\ThrottleRequests->handleRequestUsingNamedLimiter(Object(Illuminate\\Http\\Request), Object(Closure), 'api', Object(Closure))
#23 /Volumes/Mac OS/Users/malcolm/Documents/clientes/Svcbmf/App-Pagos/backend-api/vendor/laravel/framework/src/Illuminate/Pipeline/Pipeline.php(167): Illuminate\\Routing\\Middleware\\ThrottleRequests->handle(Object(Illuminate\\Http\\Request), Object(Closure), 'api')
#24 /Volumes/Mac OS/Users/malcolm/Documents/clientes/Svcbmf/App-Pagos/backend-api/vendor/laravel/framework/src/Illuminate/Pipeline/Pipeline.php(103): Illuminate\\Pipeline\\Pipeline->Illuminate\\Pipeline\\{closure}(Object(Illuminate\\Http\\Request))
#25 /Volumes/Mac OS/Users/malcolm/Documents/clientes/Svcbmf/App-Pagos/backend-api/vendor/laravel/framework/src/Illuminate/Routing/Router.php(723): Illuminate\\Pipeline\\Pipeline->then(Object(Closure))
#26 /Volumes/Mac OS/Users/malcolm/Documents/clientes/Svcbmf/App-Pagos/backend-api/vendor/laravel/framework/src/Illuminate/Routing/Router.php(698): Illuminate\\Routing\\Router->runRouteWithinStack(Object(Illuminate\\Routing\\Route), Object(Illuminate\\Http\\Request))
#27 /Volumes/Mac OS/Users/malcolm/Documents/clientes/Svcbmf/App-Pagos/backend-api/vendor/laravel/framework/src/Illuminate/Routing/Router.php(662): Illuminate\\Routing\\Router->runRoute(Object(Illuminate\\Http\\Request), Object(Illuminate\\Routing\\Route))
#28 /Volumes/Mac OS/Users/malcolm/Documents/clientes/Svcbmf/App-Pagos/backend-api/vendor/laravel/framework/src/Illuminate/Routing/Router.php(651): Illuminate\\Routing\\Router->dispatchToRoute(Object(Illuminate\\Http\\Request))
#29 /Volumes/Mac OS/Users/malcolm/Documents/clientes/Svcbmf/App-Pagos/backend-api/vendor/laravel/framework/src/Illuminate/Foundation/Http/Kernel.php(167): Illuminate\\Routing\\Router->dispatch(Object(Illuminate\\Http\\Request))
#30 /Volumes/Mac OS/Users/malcolm/Documents/clientes/Svcbmf/App-Pagos/backend-api/vendor/laravel/framework/src/Illuminate/Pipeline/Pipeline.php(128): Illuminate\\Foundation\\Http\\Kernel->Illuminate\\Foundation\\Http\\{closure}(Object(Illuminate\\Http\\Request))
#31 /Volumes/Mac OS/Users/malcolm/Documents/clientes/Svcbmf/App-Pagos/backend-api/vendor/laravel/framework/src/Illuminate/Foundation/Http/Middleware/TransformsRequest.php(21): Illuminate\\Pipeline\\Pipeline->Illuminate\\Pipeline\\{closure}(Object(Illuminate\\Http\\Request))
#32 /Volumes/Mac OS/Users/malcolm/Documents/clientes/Svcbmf/App-Pagos/backend-api/vendor/laravel/framework/src/Illuminate/Foundation/Http/Middleware/ConvertEmptyStringsToNull.php(31): Illuminate\\Foundation\\Http\\Middleware\\TransformsRequest->handle(Object(Illuminate\\Http\\Request), Object(Closure))
#33 /Volumes/Mac OS/Users/malcolm/Documents/clientes/Svcbmf/App-Pagos/backend-api/vendor/laravel/framework/src/Illuminate/Pipeline/Pipeline.php(167): Illuminate\\Foundation\\Http\\Middleware\\ConvertEmptyStringsToNull->handle(Object(Illuminate\\Http\\Request), Object(Closure))
#34 /Volumes/Mac OS/Users/malcolm/Documents/clientes/Svcbmf/App-Pagos/backend-api/vendor/laravel/framework/src/Illuminate/Foundation/Http/Middleware/TransformsRequest.php(21): Illuminate\\Pipeline\\Pipeline->Illuminate\\Pipeline\\{closure}(Object(Illuminate\\Http\\Request))
#35 /Volumes/Mac OS/Users/malcolm/Documents/clientes/Svcbmf/App-Pagos/backend-api/vendor/laravel/framework/src/Illuminate/Foundation/Http/Middleware/TrimStrings.php(40): Illuminate\\Foundation\\Http\\Middleware\\TransformsRequest->handle(Object(Illuminate\\Http\\Request), Object(Closure))
#36 /Volumes/Mac OS/Users/malcolm/Documents/clientes/Svcbmf/App-Pagos/backend-api/vendor/laravel/framework/src/Illuminate/Pipeline/Pipeline.php(167): Illuminate\\Foundation\\Http\\Middleware\\TrimStrings->handle(Object(Illuminate\\Http\\Request), Object(Closure))
#37 /Volumes/Mac OS/Users/malcolm/Documents/clientes/Svcbmf/App-Pagos/backend-api/vendor/laravel/framework/src/Illuminate/Foundation/Http/Middleware/ValidatePostSize.php(27): Illuminate\\Pipeline\\Pipeline->Illuminate\\Pipeline\\{closure}(Object(Illuminate\\Http\\Request))
#38 /Volumes/Mac OS/Users/malcolm/Documents/clientes/Svcbmf/App-Pagos/backend-api/vendor/laravel/framework/src/Illuminate/Pipeline/Pipeline.php(167): Illuminate\\Foundation\\Http\\Middleware\\ValidatePostSize->handle(Object(Illuminate\\Http\\Request), Object(Closure))
#39 /Volumes/Mac OS/Users/malcolm/Documents/clientes/Svcbmf/App-Pagos/backend-api/vendor/laravel/framework/src/Illuminate/Foundation/Http/Middleware/PreventRequestsDuringMaintenance.php(86): Illuminate\\Pipeline\\Pipeline->Illuminate\\Pipeline\\{closure}(Object(Illuminate\\Http\\Request))
#40 /Volumes/Mac OS/Users/malcolm/Documents/clientes/Svcbmf/App-Pagos/backend-api/vendor/laravel/framework/src/Illuminate/Pipeline/Pipeline.php(167): Illuminate\\Foundation\\Http\\Middleware\\PreventRequestsDuringMaintenance->handle(Object(Illuminate\\Http\\Request), Object(Closure))
#41 /Volumes/Mac OS/Users/malcolm/Documents/clientes/Svcbmf/App-Pagos/backend-api/vendor/fruitcake/laravel-cors/src/HandleCors.php(52): Illuminate\\Pipeline\\Pipeline->Illuminate\\Pipeline\\{closure}(Object(Illuminate\\Http\\Request))
#42 /Volumes/Mac OS/Users/malcolm/Documents/clientes/Svcbmf/App-Pagos/backend-api/vendor/laravel/framework/src/Illuminate/Pipeline/Pipeline.php(167): Fruitcake\\Cors\\HandleCors->handle(Object(Illuminate\\Http\\Request), Object(Closure))
#43 /Volumes/Mac OS/Users/malcolm/Documents/clientes/Svcbmf/App-Pagos/backend-api/vendor/laravel/framework/src/Illuminate/Http/Middleware/TrustProxies.php(39): Illuminate\\Pipeline\\Pipeline->Illuminate\\Pipeline\\{closure}(Object(Illuminate\\Http\\Request))
#44 /Volumes/Mac OS/Users/malcolm/Documents/clientes/Svcbmf/App-Pagos/backend-api/vendor/laravel/framework/src/Illuminate/Pipeline/Pipeline.php(167): Illuminate\\Http\\Middleware\\TrustProxies->handle(Object(Illuminate\\Http\\Request), Object(Closure))
#45 /Volumes/Mac OS/Users/malcolm/Documents/clientes/Svcbmf/App-Pagos/backend-api/vendor/laravel/framework/src/Illuminate/Pipeline/Pipeline.php(103): Illuminate\\Pipeline\\Pipeline->Illuminate\\Pipeline\\{closure}(Object(Illuminate\\Http\\Request))
#46 /Volumes/Mac OS/Users/malcolm/Documents/clientes/Svcbmf/App-Pagos/backend-api/vendor/laravel/framework/src/Illuminate/Foundation/Http/Kernel.php(142): Illuminate\\Pipeline\\Pipeline->then(Object(Closure))
#47 /Volumes/Mac OS/Users/malcolm/Documents/clientes/Svcbmf/App-Pagos/backend-api/vendor/laravel/framework/src/Illuminate/Foundation/Http/Kernel.php(111): Illuminate\\Foundation\\Http\\Kernel->sendRequestThroughRouter(Object(Illuminate\\Http\\Request))
#48 /Volumes/Mac OS/Users/malcolm/Documents/clientes/Svcbmf/App-Pagos/backend-api/public/index.php(52): Illuminate\\Foundation\\Http\\Kernel->handle(Object(Illuminate\\Http\\Request))
#49 /Volumes/Mac OS/Users/malcolm/Documents/clientes/Svcbmf/App-Pagos/backend-api/server.php(21): require_once('/Volumes/Mac OS...')
#50 {main}
"} 
[2023-06-10 18:25:47] local.ERROR: SQLSTATE[42S22]: Column not found: 1054 Unknown column 'username' in 'where clause' (SQL: select * from `directories` where (`username` like %mal% or `email` like %mal% or `nombre` like %mal%) and `directories`.`deleted_at` is null) {"exception":"[object] (Illuminate\\Database\\QueryException(code: 42S22): SQLSTATE[42S22]: Column not found: 1054 Unknown column 'username' in 'where clause' (SQL: select * from `directories` where (`username` like %mal% or `email` like %mal% or `nombre` like %mal%) and `directories`.`deleted_at` is null) at /Volumes/Mac OS/Users/malcolm/Documents/clientes/Svcbmf/App-Pagos/backend-api/vendor/laravel/framework/src/Illuminate/Database/Connection.php:712)
[stacktrace]
#0 /Volumes/Mac OS/Users/malcolm/Documents/clientes/Svcbmf/App-Pagos/backend-api/vendor/laravel/framework/src/Illuminate/Database/Connection.php(672): Illuminate\\Database\\Connection->runQueryCallback('select * from `...', Array, Object(Closure))
#1 /Volumes/Mac OS/Users/malcolm/Documents/clientes/Svcbmf/App-Pagos/backend-api/vendor/laravel/framework/src/Illuminate/Database/Connection.php(376): Illuminate\\Database\\Connection->run('select * from `...', Array, Object(Closure))
#2 /Volumes/Mac OS/Users/malcolm/Documents/clientes/Svcbmf/App-Pagos/backend-api/vendor/laravel/framework/src/Illuminate/Database/Query/Builder.php(2414): Illuminate\\Database\\Connection->select('select * from `...', Array, true)
#3 /Volumes/Mac OS/Users/malcolm/Documents/clientes/Svcbmf/App-Pagos/backend-api/vendor/laravel/framework/src/Illuminate/Database/Query/Builder.php(2402): Illuminate\\Database\\Query\\Builder->runSelect()
#4 /Volumes/Mac OS/Users/malcolm/Documents/clientes/Svcbmf/App-Pagos/backend-api/vendor/laravel/framework/src/Illuminate/Database/Query/Builder.php(2936): Illuminate\\Database\\Query\\Builder->Illuminate\\Database\\Query\\{closure}()
#5 /Volumes/Mac OS/Users/malcolm/Documents/clientes/Svcbmf/App-Pagos/backend-api/vendor/laravel/framework/src/Illuminate/Database/Query/Builder.php(2403): Illuminate\\Database\\Query\\Builder->onceWithColumns(Array, Object(Closure))
#6 /Volumes/Mac OS/Users/malcolm/Documents/clientes/Svcbmf/App-Pagos/backend-api/vendor/laravel/framework/src/Illuminate/Database/Eloquent/Builder.php(625): Illuminate\\Database\\Query\\Builder->get(Array)
#7 /Volumes/Mac OS/Users/malcolm/Documents/clientes/Svcbmf/App-Pagos/backend-api/vendor/laravel/framework/src/Illuminate/Database/Eloquent/Builder.php(609): Illuminate\\Database\\Eloquent\\Builder->getModels(Array)
#8 /Volumes/Mac OS/Users/malcolm/Documents/clientes/Svcbmf/App-Pagos/backend-api/app/Models/Directory.php(110): Illuminate\\Database\\Eloquent\\Builder->get()
#9 /Volumes/Mac OS/Users/malcolm/Documents/clientes/Svcbmf/App-Pagos/backend-api/app/Http/Controllers/Admin/AdminDirectoryController.php(325): App\\Models\\Directory::search('mal')
#10 /Volumes/Mac OS/Users/malcolm/Documents/clientes/Svcbmf/App-Pagos/backend-api/vendor/laravel/framework/src/Illuminate/Routing/Controller.php(54): App\\Http\\Controllers\\Admin\\AdminDirectoryController->search(Object(Illuminate\\Http\\Request))
#11 /Volumes/Mac OS/Users/malcolm/Documents/clientes/Svcbmf/App-Pagos/backend-api/vendor/laravel/framework/src/Illuminate/Routing/ControllerDispatcher.php(45): Illuminate\\Routing\\Controller->callAction('search', Array)
#12 /Volumes/Mac OS/Users/malcolm/Documents/clientes/Svcbmf/App-Pagos/backend-api/vendor/laravel/framework/src/Illuminate/Routing/Route.php(262): Illuminate\\Routing\\ControllerDispatcher->dispatch(Object(Illuminate\\Routing\\Route), Object(App\\Http\\Controllers\\Admin\\AdminDirectoryController), 'search')
#13 /Volumes/Mac OS/Users/malcolm/Documents/clientes/Svcbmf/App-Pagos/backend-api/vendor/laravel/framework/src/Illuminate/Routing/Route.php(205): Illuminate\\Routing\\Route->runController()
#14 /Volumes/Mac OS/Users/malcolm/Documents/clientes/Svcbmf/App-Pagos/backend-api/vendor/laravel/framework/src/Illuminate/Routing/Router.php(721): Illuminate\\Routing\\Route->run()
#15 /Volumes/Mac OS/Users/malcolm/Documents/clientes/Svcbmf/App-Pagos/backend-api/vendor/laravel/framework/src/Illuminate/Pipeline/Pipeline.php(128): Illuminate\\Routing\\Router->Illuminate\\Routing\\{closure}(Object(Illuminate\\Http\\Request))
#16 /Volumes/Mac OS/Users/malcolm/Documents/clientes/Svcbmf/App-Pagos/backend-api/vendor/laravel/framework/src/Illuminate/Routing/Middleware/SubstituteBindings.php(50): Illuminate\\Pipeline\\Pipeline->Illuminate\\Pipeline\\{closure}(Object(Illuminate\\Http\\Request))
#17 /Volumes/Mac OS/Users/malcolm/Documents/clientes/Svcbmf/App-Pagos/backend-api/vendor/laravel/framework/src/Illuminate/Pipeline/Pipeline.php(167): Illuminate\\Routing\\Middleware\\SubstituteBindings->handle(Object(Illuminate\\Http\\Request), Object(Closure))
#18 /Volumes/Mac OS/Users/malcolm/Documents/clientes/Svcbmf/App-Pagos/backend-api/vendor/laravel/framework/src/Illuminate/Routing/Middleware/ThrottleRequests.php(127): Illuminate\\Pipeline\\Pipeline->Illuminate\\Pipeline\\{closure}(Object(Illuminate\\Http\\Request))
#19 /Volumes/Mac OS/Users/malcolm/Documents/clientes/Svcbmf/App-Pagos/backend-api/vendor/laravel/framework/src/Illuminate/Routing/Middleware/ThrottleRequests.php(103): Illuminate\\Routing\\Middleware\\ThrottleRequests->handleRequest(Object(Illuminate\\Http\\Request), Object(Closure), Array)
#20 /Volumes/Mac OS/Users/malcolm/Documents/clientes/Svcbmf/App-Pagos/backend-api/vendor/laravel/framework/src/Illuminate/Routing/Middleware/ThrottleRequests.php(55): Illuminate\\Routing\\Middleware\\ThrottleRequests->handleRequestUsingNamedLimiter(Object(Illuminate\\Http\\Request), Object(Closure), 'api', Object(Closure))
#21 /Volumes/Mac OS/Users/malcolm/Documents/clientes/Svcbmf/App-Pagos/backend-api/vendor/laravel/framework/src/Illuminate/Pipeline/Pipeline.php(167): Illuminate\\Routing\\Middleware\\ThrottleRequests->handle(Object(Illuminate\\Http\\Request), Object(Closure), 'api')
#22 /Volumes/Mac OS/Users/malcolm/Documents/clientes/Svcbmf/App-Pagos/backend-api/vendor/laravel/framework/src/Illuminate/Pipeline/Pipeline.php(103): Illuminate\\Pipeline\\Pipeline->Illuminate\\Pipeline\\{closure}(Object(Illuminate\\Http\\Request))
#23 /Volumes/Mac OS/Users/malcolm/Documents/clientes/Svcbmf/App-Pagos/backend-api/vendor/laravel/framework/src/Illuminate/Routing/Router.php(723): Illuminate\\Pipeline\\Pipeline->then(Object(Closure))
#24 /Volumes/Mac OS/Users/malcolm/Documents/clientes/Svcbmf/App-Pagos/backend-api/vendor/laravel/framework/src/Illuminate/Routing/Router.php(698): Illuminate\\Routing\\Router->runRouteWithinStack(Object(Illuminate\\Routing\\Route), Object(Illuminate\\Http\\Request))
#25 /Volumes/Mac OS/Users/malcolm/Documents/clientes/Svcbmf/App-Pagos/backend-api/vendor/laravel/framework/src/Illuminate/Routing/Router.php(662): Illuminate\\Routing\\Router->runRoute(Object(Illuminate\\Http\\Request), Object(Illuminate\\Routing\\Route))
#26 /Volumes/Mac OS/Users/malcolm/Documents/clientes/Svcbmf/App-Pagos/backend-api/vendor/laravel/framework/src/Illuminate/Routing/Router.php(651): Illuminate\\Routing\\Router->dispatchToRoute(Object(Illuminate\\Http\\Request))
#27 /Volumes/Mac OS/Users/malcolm/Documents/clientes/Svcbmf/App-Pagos/backend-api/vendor/laravel/framework/src/Illuminate/Foundation/Http/Kernel.php(167): Illuminate\\Routing\\Router->dispatch(Object(Illuminate\\Http\\Request))
#28 /Volumes/Mac OS/Users/malcolm/Documents/clientes/Svcbmf/App-Pagos/backend-api/vendor/laravel/framework/src/Illuminate/Pipeline/Pipeline.php(128): Illuminate\\Foundation\\Http\\Kernel->Illuminate\\Foundation\\Http\\{closure}(Object(Illuminate\\Http\\Request))
#29 /Volumes/Mac OS/Users/malcolm/Documents/clientes/Svcbmf/App-Pagos/backend-api/vendor/laravel/framework/src/Illuminate/Foundation/Http/Middleware/TransformsRequest.php(21): Illuminate\\Pipeline\\Pipeline->Illuminate\\Pipeline\\{closure}(Object(Illuminate\\Http\\Request))
#30 /Volumes/Mac OS/Users/malcolm/Documents/clientes/Svcbmf/App-Pagos/backend-api/vendor/laravel/framework/src/Illuminate/Foundation/Http/Middleware/ConvertEmptyStringsToNull.php(31): Illuminate\\Foundation\\Http\\Middleware\\TransformsRequest->handle(Object(Illuminate\\Http\\Request), Object(Closure))
#31 /Volumes/Mac OS/Users/malcolm/Documents/clientes/Svcbmf/App-Pagos/backend-api/vendor/laravel/framework/src/Illuminate/Pipeline/Pipeline.php(167): Illuminate\\Foundation\\Http\\Middleware\\ConvertEmptyStringsToNull->handle(Object(Illuminate\\Http\\Request), Object(Closure))
#32 /Volumes/Mac OS/Users/malcolm/Documents/clientes/Svcbmf/App-Pagos/backend-api/vendor/laravel/framework/src/Illuminate/Foundation/Http/Middleware/TransformsRequest.php(21): Illuminate\\Pipeline\\Pipeline->Illuminate\\Pipeline\\{closure}(Object(Illuminate\\Http\\Request))
#33 /Volumes/Mac OS/Users/malcolm/Documents/clientes/Svcbmf/App-Pagos/backend-api/vendor/laravel/framework/src/Illuminate/Foundation/Http/Middleware/TrimStrings.php(40): Illuminate\\Foundation\\Http\\Middleware\\TransformsRequest->handle(Object(Illuminate\\Http\\Request), Object(Closure))
#34 /Volumes/Mac OS/Users/malcolm/Documents/clientes/Svcbmf/App-Pagos/backend-api/vendor/laravel/framework/src/Illuminate/Pipeline/Pipeline.php(167): Illuminate\\Foundation\\Http\\Middleware\\TrimStrings->handle(Object(Illuminate\\Http\\Request), Object(Closure))
#35 /Volumes/Mac OS/Users/malcolm/Documents/clientes/Svcbmf/App-Pagos/backend-api/vendor/laravel/framework/src/Illuminate/Foundation/Http/Middleware/ValidatePostSize.php(27): Illuminate\\Pipeline\\Pipeline->Illuminate\\Pipeline\\{closure}(Object(Illuminate\\Http\\Request))
#36 /Volumes/Mac OS/Users/malcolm/Documents/clientes/Svcbmf/App-Pagos/backend-api/vendor/laravel/framework/src/Illuminate/Pipeline/Pipeline.php(167): Illuminate\\Foundation\\Http\\Middleware\\ValidatePostSize->handle(Object(Illuminate\\Http\\Request), Object(Closure))
#37 /Volumes/Mac OS/Users/malcolm/Documents/clientes/Svcbmf/App-Pagos/backend-api/vendor/laravel/framework/src/Illuminate/Foundation/Http/Middleware/PreventRequestsDuringMaintenance.php(86): Illuminate\\Pipeline\\Pipeline->Illuminate\\Pipeline\\{closure}(Object(Illuminate\\Http\\Request))
#38 /Volumes/Mac OS/Users/malcolm/Documents/clientes/Svcbmf/App-Pagos/backend-api/vendor/laravel/framework/src/Illuminate/Pipeline/Pipeline.php(167): Illuminate\\Foundation\\Http\\Middleware\\PreventRequestsDuringMaintenance->handle(Object(Illuminate\\Http\\Request), Object(Closure))
#39 /Volumes/Mac OS/Users/malcolm/Documents/clientes/Svcbmf/App-Pagos/backend-api/vendor/fruitcake/laravel-cors/src/HandleCors.php(52): Illuminate\\Pipeline\\Pipeline->Illuminate\\Pipeline\\{closure}(Object(Illuminate\\Http\\Request))
#40 /Volumes/Mac OS/Users/malcolm/Documents/clientes/Svcbmf/App-Pagos/backend-api/vendor/laravel/framework/src/Illuminate/Pipeline/Pipeline.php(167): Fruitcake\\Cors\\HandleCors->handle(Object(Illuminate\\Http\\Request), Object(Closure))
#41 /Volumes/Mac OS/Users/malcolm/Documents/clientes/Svcbmf/App-Pagos/backend-api/vendor/laravel/framework/src/Illuminate/Http/Middleware/TrustProxies.php(39): Illuminate\\Pipeline\\Pipeline->Illuminate\\Pipeline\\{closure}(Object(Illuminate\\Http\\Request))
#42 /Volumes/Mac OS/Users/malcolm/Documents/clientes/Svcbmf/App-Pagos/backend-api/vendor/laravel/framework/src/Illuminate/Pipeline/Pipeline.php(167): Illuminate\\Http\\Middleware\\TrustProxies->handle(Object(Illuminate\\Http\\Request), Object(Closure))
#43 /Volumes/Mac OS/Users/malcolm/Documents/clientes/Svcbmf/App-Pagos/backend-api/vendor/laravel/framework/src/Illuminate/Pipeline/Pipeline.php(103): Illuminate\\Pipeline\\Pipeline->Illuminate\\Pipeline\\{closure}(Object(Illuminate\\Http\\Request))
#44 /Volumes/Mac OS/Users/malcolm/Documents/clientes/Svcbmf/App-Pagos/backend-api/vendor/laravel/framework/src/Illuminate/Foundation/Http/Kernel.php(142): Illuminate\\Pipeline\\Pipeline->then(Object(Closure))
#45 /Volumes/Mac OS/Users/malcolm/Documents/clientes/Svcbmf/App-Pagos/backend-api/vendor/laravel/framework/src/Illuminate/Foundation/Http/Kernel.php(111): Illuminate\\Foundation\\Http\\Kernel->sendRequestThroughRouter(Object(Illuminate\\Http\\Request))
#46 /Volumes/Mac OS/Users/malcolm/Documents/clientes/Svcbmf/App-Pagos/backend-api/public/index.php(52): Illuminate\\Foundation\\Http\\Kernel->handle(Object(Illuminate\\Http\\Request))
#47 /Volumes/Mac OS/Users/malcolm/Documents/clientes/Svcbmf/App-Pagos/backend-api/server.php(21): require_once('/Volumes/Mac OS...')
#48 {main}

[previous exception] [object] (PDOException(code: 42S22): SQLSTATE[42S22]: Column not found: 1054 Unknown column 'username' in 'where clause' at /Volumes/Mac OS/Users/malcolm/Documents/clientes/Svcbmf/App-Pagos/backend-api/vendor/laravel/framework/src/Illuminate/Database/Connection.php:368)
[stacktrace]
#0 /Volumes/Mac OS/Users/malcolm/Documents/clientes/Svcbmf/App-Pagos/backend-api/vendor/laravel/framework/src/Illuminate/Database/Connection.php(368): PDO->prepare('select * from `...')
#1 /Volumes/Mac OS/Users/malcolm/Documents/clientes/Svcbmf/App-Pagos/backend-api/vendor/laravel/framework/src/Illuminate/Database/Connection.php(705): Illuminate\\Database\\Connection->Illuminate\\Database\\{closure}('select * from `...', Array)
#2 /Volumes/Mac OS/Users/malcolm/Documents/clientes/Svcbmf/App-Pagos/backend-api/vendor/laravel/framework/src/Illuminate/Database/Connection.php(672): Illuminate\\Database\\Connection->runQueryCallback('select * from `...', Array, Object(Closure))
#3 /Volumes/Mac OS/Users/malcolm/Documents/clientes/Svcbmf/App-Pagos/backend-api/vendor/laravel/framework/src/Illuminate/Database/Connection.php(376): Illuminate\\Database\\Connection->run('select * from `...', Array, Object(Closure))
#4 /Volumes/Mac OS/Users/malcolm/Documents/clientes/Svcbmf/App-Pagos/backend-api/vendor/laravel/framework/src/Illuminate/Database/Query/Builder.php(2414): Illuminate\\Database\\Connection->select('select * from `...', Array, true)
#5 /Volumes/Mac OS/Users/malcolm/Documents/clientes/Svcbmf/App-Pagos/backend-api/vendor/laravel/framework/src/Illuminate/Database/Query/Builder.php(2402): Illuminate\\Database\\Query\\Builder->runSelect()
#6 /Volumes/Mac OS/Users/malcolm/Documents/clientes/Svcbmf/App-Pagos/backend-api/vendor/laravel/framework/src/Illuminate/Database/Query/Builder.php(2936): Illuminate\\Database\\Query\\Builder->Illuminate\\Database\\Query\\{closure}()
#7 /Volumes/Mac OS/Users/malcolm/Documents/clientes/Svcbmf/App-Pagos/backend-api/vendor/laravel/framework/src/Illuminate/Database/Query/Builder.php(2403): Illuminate\\Database\\Query\\Builder->onceWithColumns(Array, Object(Closure))
#8 /Volumes/Mac OS/Users/malcolm/Documents/clientes/Svcbmf/App-Pagos/backend-api/vendor/laravel/framework/src/Illuminate/Database/Eloquent/Builder.php(625): Illuminate\\Database\\Query\\Builder->get(Array)
#9 /Volumes/Mac OS/Users/malcolm/Documents/clientes/Svcbmf/App-Pagos/backend-api/vendor/laravel/framework/src/Illuminate/Database/Eloquent/Builder.php(609): Illuminate\\Database\\Eloquent\\Builder->getModels(Array)
#10 /Volumes/Mac OS/Users/malcolm/Documents/clientes/Svcbmf/App-Pagos/backend-api/app/Models/Directory.php(110): Illuminate\\Database\\Eloquent\\Builder->get()
#11 /Volumes/Mac OS/Users/malcolm/Documents/clientes/Svcbmf/App-Pagos/backend-api/app/Http/Controllers/Admin/AdminDirectoryController.php(325): App\\Models\\Directory::search('mal')
#12 /Volumes/Mac OS/Users/malcolm/Documents/clientes/Svcbmf/App-Pagos/backend-api/vendor/laravel/framework/src/Illuminate/Routing/Controller.php(54): App\\Http\\Controllers\\Admin\\AdminDirectoryController->search(Object(Illuminate\\Http\\Request))
#13 /Volumes/Mac OS/Users/malcolm/Documents/clientes/Svcbmf/App-Pagos/backend-api/vendor/laravel/framework/src/Illuminate/Routing/ControllerDispatcher.php(45): Illuminate\\Routing\\Controller->callAction('search', Array)
#14 /Volumes/Mac OS/Users/malcolm/Documents/clientes/Svcbmf/App-Pagos/backend-api/vendor/laravel/framework/src/Illuminate/Routing/Route.php(262): Illuminate\\Routing\\ControllerDispatcher->dispatch(Object(Illuminate\\Routing\\Route), Object(App\\Http\\Controllers\\Admin\\AdminDirectoryController), 'search')
#15 /Volumes/Mac OS/Users/malcolm/Documents/clientes/Svcbmf/App-Pagos/backend-api/vendor/laravel/framework/src/Illuminate/Routing/Route.php(205): Illuminate\\Routing\\Route->runController()
#16 /Volumes/Mac OS/Users/malcolm/Documents/clientes/Svcbmf/App-Pagos/backend-api/vendor/laravel/framework/src/Illuminate/Routing/Router.php(721): Illuminate\\Routing\\Route->run()
#17 /Volumes/Mac OS/Users/malcolm/Documents/clientes/Svcbmf/App-Pagos/backend-api/vendor/laravel/framework/src/Illuminate/Pipeline/Pipeline.php(128): Illuminate\\Routing\\Router->Illuminate\\Routing\\{closure}(Object(Illuminate\\Http\\Request))
#18 /Volumes/Mac OS/Users/malcolm/Documents/clientes/Svcbmf/App-Pagos/backend-api/vendor/laravel/framework/src/Illuminate/Routing/Middleware/SubstituteBindings.php(50): Illuminate\\Pipeline\\Pipeline->Illuminate\\Pipeline\\{closure}(Object(Illuminate\\Http\\Request))
#19 /Volumes/Mac OS/Users/malcolm/Documents/clientes/Svcbmf/App-Pagos/backend-api/vendor/laravel/framework/src/Illuminate/Pipeline/Pipeline.php(167): Illuminate\\Routing\\Middleware\\SubstituteBindings->handle(Object(Illuminate\\Http\\Request), Object(Closure))
#20 /Volumes/Mac OS/Users/malcolm/Documents/clientes/Svcbmf/App-Pagos/backend-api/vendor/laravel/framework/src/Illuminate/Routing/Middleware/ThrottleRequests.php(127): Illuminate\\Pipeline\\Pipeline->Illuminate\\Pipeline\\{closure}(Object(Illuminate\\Http\\Request))
#21 /Volumes/Mac OS/Users/malcolm/Documents/clientes/Svcbmf/App-Pagos/backend-api/vendor/laravel/framework/src/Illuminate/Routing/Middleware/ThrottleRequests.php(103): Illuminate\\Routing\\Middleware\\ThrottleRequests->handleRequest(Object(Illuminate\\Http\\Request), Object(Closure), Array)
#22 /Volumes/Mac OS/Users/malcolm/Documents/clientes/Svcbmf/App-Pagos/backend-api/vendor/laravel/framework/src/Illuminate/Routing/Middleware/ThrottleRequests.php(55): Illuminate\\Routing\\Middleware\\ThrottleRequests->handleRequestUsingNamedLimiter(Object(Illuminate\\Http\\Request), Object(Closure), 'api', Object(Closure))
#23 /Volumes/Mac OS/Users/malcolm/Documents/clientes/Svcbmf/App-Pagos/backend-api/vendor/laravel/framework/src/Illuminate/Pipeline/Pipeline.php(167): Illuminate\\Routing\\Middleware\\ThrottleRequests->handle(Object(Illuminate\\Http\\Request), Object(Closure), 'api')
#24 /Volumes/Mac OS/Users/malcolm/Documents/clientes/Svcbmf/App-Pagos/backend-api/vendor/laravel/framework/src/Illuminate/Pipeline/Pipeline.php(103): Illuminate\\Pipeline\\Pipeline->Illuminate\\Pipeline\\{closure}(Object(Illuminate\\Http\\Request))
#25 /Volumes/Mac OS/Users/malcolm/Documents/clientes/Svcbmf/App-Pagos/backend-api/vendor/laravel/framework/src/Illuminate/Routing/Router.php(723): Illuminate\\Pipeline\\Pipeline->then(Object(Closure))
#26 /Volumes/Mac OS/Users/malcolm/Documents/clientes/Svcbmf/App-Pagos/backend-api/vendor/laravel/framework/src/Illuminate/Routing/Router.php(698): Illuminate\\Routing\\Router->runRouteWithinStack(Object(Illuminate\\Routing\\Route), Object(Illuminate\\Http\\Request))
#27 /Volumes/Mac OS/Users/malcolm/Documents/clientes/Svcbmf/App-Pagos/backend-api/vendor/laravel/framework/src/Illuminate/Routing/Router.php(662): Illuminate\\Routing\\Router->runRoute(Object(Illuminate\\Http\\Request), Object(Illuminate\\Routing\\Route))
#28 /Volumes/Mac OS/Users/malcolm/Documents/clientes/Svcbmf/App-Pagos/backend-api/vendor/laravel/framework/src/Illuminate/Routing/Router.php(651): Illuminate\\Routing\\Router->dispatchToRoute(Object(Illuminate\\Http\\Request))
#29 /Volumes/Mac OS/Users/malcolm/Documents/clientes/Svcbmf/App-Pagos/backend-api/vendor/laravel/framework/src/Illuminate/Foundation/Http/Kernel.php(167): Illuminate\\Routing\\Router->dispatch(Object(Illuminate\\Http\\Request))
#30 /Volumes/Mac OS/Users/malcolm/Documents/clientes/Svcbmf/App-Pagos/backend-api/vendor/laravel/framework/src/Illuminate/Pipeline/Pipeline.php(128): Illuminate\\Foundation\\Http\\Kernel->Illuminate\\Foundation\\Http\\{closure}(Object(Illuminate\\Http\\Request))
#31 /Volumes/Mac OS/Users/malcolm/Documents/clientes/Svcbmf/App-Pagos/backend-api/vendor/laravel/framework/src/Illuminate/Foundation/Http/Middleware/TransformsRequest.php(21): Illuminate\\Pipeline\\Pipeline->Illuminate\\Pipeline\\{closure}(Object(Illuminate\\Http\\Request))
#32 /Volumes/Mac OS/Users/malcolm/Documents/clientes/Svcbmf/App-Pagos/backend-api/vendor/laravel/framework/src/Illuminate/Foundation/Http/Middleware/ConvertEmptyStringsToNull.php(31): Illuminate\\Foundation\\Http\\Middleware\\TransformsRequest->handle(Object(Illuminate\\Http\\Request), Object(Closure))
#33 /Volumes/Mac OS/Users/malcolm/Documents/clientes/Svcbmf/App-Pagos/backend-api/vendor/laravel/framework/src/Illuminate/Pipeline/Pipeline.php(167): Illuminate\\Foundation\\Http\\Middleware\\ConvertEmptyStringsToNull->handle(Object(Illuminate\\Http\\Request), Object(Closure))
#34 /Volumes/Mac OS/Users/malcolm/Documents/clientes/Svcbmf/App-Pagos/backend-api/vendor/laravel/framework/src/Illuminate/Foundation/Http/Middleware/TransformsRequest.php(21): Illuminate\\Pipeline\\Pipeline->Illuminate\\Pipeline\\{closure}(Object(Illuminate\\Http\\Request))
#35 /Volumes/Mac OS/Users/malcolm/Documents/clientes/Svcbmf/App-Pagos/backend-api/vendor/laravel/framework/src/Illuminate/Foundation/Http/Middleware/TrimStrings.php(40): Illuminate\\Foundation\\Http\\Middleware\\TransformsRequest->handle(Object(Illuminate\\Http\\Request), Object(Closure))
#36 /Volumes/Mac OS/Users/malcolm/Documents/clientes/Svcbmf/App-Pagos/backend-api/vendor/laravel/framework/src/Illuminate/Pipeline/Pipeline.php(167): Illuminate\\Foundation\\Http\\Middleware\\TrimStrings->handle(Object(Illuminate\\Http\\Request), Object(Closure))
#37 /Volumes/Mac OS/Users/malcolm/Documents/clientes/Svcbmf/App-Pagos/backend-api/vendor/laravel/framework/src/Illuminate/Foundation/Http/Middleware/ValidatePostSize.php(27): Illuminate\\Pipeline\\Pipeline->Illuminate\\Pipeline\\{closure}(Object(Illuminate\\Http\\Request))
#38 /Volumes/Mac OS/Users/malcolm/Documents/clientes/Svcbmf/App-Pagos/backend-api/vendor/laravel/framework/src/Illuminate/Pipeline/Pipeline.php(167): Illuminate\\Foundation\\Http\\Middleware\\ValidatePostSize->handle(Object(Illuminate\\Http\\Request), Object(Closure))
#39 /Volumes/Mac OS/Users/malcolm/Documents/clientes/Svcbmf/App-Pagos/backend-api/vendor/laravel/framework/src/Illuminate/Foundation/Http/Middleware/PreventRequestsDuringMaintenance.php(86): Illuminate\\Pipeline\\Pipeline->Illuminate\\Pipeline\\{closure}(Object(Illuminate\\Http\\Request))
#40 /Volumes/Mac OS/Users/malcolm/Documents/clientes/Svcbmf/App-Pagos/backend-api/vendor/laravel/framework/src/Illuminate/Pipeline/Pipeline.php(167): Illuminate\\Foundation\\Http\\Middleware\\PreventRequestsDuringMaintenance->handle(Object(Illuminate\\Http\\Request), Object(Closure))
#41 /Volumes/Mac OS/Users/malcolm/Documents/clientes/Svcbmf/App-Pagos/backend-api/vendor/fruitcake/laravel-cors/src/HandleCors.php(52): Illuminate\\Pipeline\\Pipeline->Illuminate\\Pipeline\\{closure}(Object(Illuminate\\Http\\Request))
#42 /Volumes/Mac OS/Users/malcolm/Documents/clientes/Svcbmf/App-Pagos/backend-api/vendor/laravel/framework/src/Illuminate/Pipeline/Pipeline.php(167): Fruitcake\\Cors\\HandleCors->handle(Object(Illuminate\\Http\\Request), Object(Closure))
#43 /Volumes/Mac OS/Users/malcolm/Documents/clientes/Svcbmf/App-Pagos/backend-api/vendor/laravel/framework/src/Illuminate/Http/Middleware/TrustProxies.php(39): Illuminate\\Pipeline\\Pipeline->Illuminate\\Pipeline\\{closure}(Object(Illuminate\\Http\\Request))
#44 /Volumes/Mac OS/Users/malcolm/Documents/clientes/Svcbmf/App-Pagos/backend-api/vendor/laravel/framework/src/Illuminate/Pipeline/Pipeline.php(167): Illuminate\\Http\\Middleware\\TrustProxies->handle(Object(Illuminate\\Http\\Request), Object(Closure))
#45 /Volumes/Mac OS/Users/malcolm/Documents/clientes/Svcbmf/App-Pagos/backend-api/vendor/laravel/framework/src/Illuminate/Pipeline/Pipeline.php(103): Illuminate\\Pipeline\\Pipeline->Illuminate\\Pipeline\\{closure}(Object(Illuminate\\Http\\Request))
#46 /Volumes/Mac OS/Users/malcolm/Documents/clientes/Svcbmf/App-Pagos/backend-api/vendor/laravel/framework/src/Illuminate/Foundation/Http/Kernel.php(142): Illuminate\\Pipeline\\Pipeline->then(Object(Closure))
#47 /Volumes/Mac OS/Users/malcolm/Documents/clientes/Svcbmf/App-Pagos/backend-api/vendor/laravel/framework/src/Illuminate/Foundation/Http/Kernel.php(111): Illuminate\\Foundation\\Http\\Kernel->sendRequestThroughRouter(Object(Illuminate\\Http\\Request))
#48 /Volumes/Mac OS/Users/malcolm/Documents/clientes/Svcbmf/App-Pagos/backend-api/public/index.php(52): Illuminate\\Foundation\\Http\\Kernel->handle(Object(Illuminate\\Http\\Request))
#49 /Volumes/Mac OS/Users/malcolm/Documents/clientes/Svcbmf/App-Pagos/backend-api/server.php(21): require_once('/Volumes/Mac OS...')
#50 {main}
"} 
[2023-06-10 18:36:55] local.ERROR: SQLSTATE[HY000] [2002] No such file or directory (SQL: select * from `users` where (`username` like %admin% or `email` like %admin% or `role` like %admin%) and `users`.`deleted_at` is null) {"exception":"[object] (Illuminate\\Database\\QueryException(code: 2002): SQLSTATE[HY000] [2002] No such file or directory (SQL: select * from `users` where (`username` like %admin% or `email` like %admin% or `role` like %admin%) and `users`.`deleted_at` is null) at /Volumes/Mac OS/Users/malcolm/Documents/clientes/Svcbmf/App-Pagos/backend-api/vendor/laravel/framework/src/Illuminate/Database/Connection.php:712)
[stacktrace]
#0 /Volumes/Mac OS/Users/malcolm/Documents/clientes/Svcbmf/App-Pagos/backend-api/vendor/laravel/framework/src/Illuminate/Database/Connection.php(672): Illuminate\\Database\\Connection->runQueryCallback('select * from `...', Array, Object(Closure))
#1 /Volumes/Mac OS/Users/malcolm/Documents/clientes/Svcbmf/App-Pagos/backend-api/vendor/laravel/framework/src/Illuminate/Database/Connection.php(376): Illuminate\\Database\\Connection->run('select * from `...', Array, Object(Closure))
#2 /Volumes/Mac OS/Users/malcolm/Documents/clientes/Svcbmf/App-Pagos/backend-api/vendor/laravel/framework/src/Illuminate/Database/Query/Builder.php(2414): Illuminate\\Database\\Connection->select('select * from `...', Array, true)
#3 /Volumes/Mac OS/Users/malcolm/Documents/clientes/Svcbmf/App-Pagos/backend-api/vendor/laravel/framework/src/Illuminate/Database/Query/Builder.php(2402): Illuminate\\Database\\Query\\Builder->runSelect()
#4 /Volumes/Mac OS/Users/malcolm/Documents/clientes/Svcbmf/App-Pagos/backend-api/vendor/laravel/framework/src/Illuminate/Database/Query/Builder.php(2936): Illuminate\\Database\\Query\\Builder->Illuminate\\Database\\Query\\{closure}()
#5 /Volumes/Mac OS/Users/malcolm/Documents/clientes/Svcbmf/App-Pagos/backend-api/vendor/laravel/framework/src/Illuminate/Database/Query/Builder.php(2403): Illuminate\\Database\\Query\\Builder->onceWithColumns(Array, Object(Closure))
#6 /Volumes/Mac OS/Users/malcolm/Documents/clientes/Svcbmf/App-Pagos/backend-api/vendor/laravel/framework/src/Illuminate/Database/Eloquent/Builder.php(625): Illuminate\\Database\\Query\\Builder->get(Array)
#7 /Volumes/Mac OS/Users/malcolm/Documents/clientes/Svcbmf/App-Pagos/backend-api/vendor/laravel/framework/src/Illuminate/Database/Eloquent/Builder.php(609): Illuminate\\Database\\Eloquent\\Builder->getModels(Array)
#8 /Volumes/Mac OS/Users/malcolm/Documents/clientes/Svcbmf/App-Pagos/backend-api/app/Models/User.php(141): Illuminate\\Database\\Eloquent\\Builder->get()
#9 /Volumes/Mac OS/Users/malcolm/Documents/clientes/Svcbmf/App-Pagos/backend-api/app/Http/Controllers/Admin/AdminUserController.php(169): App\\Models\\User::search('admin')
#10 /Volumes/Mac OS/Users/malcolm/Documents/clientes/Svcbmf/App-Pagos/backend-api/vendor/laravel/framework/src/Illuminate/Routing/Controller.php(54): App\\Http\\Controllers\\Admin\\AdminUserController->search(Object(Illuminate\\Http\\Request))
#11 /Volumes/Mac OS/Users/malcolm/Documents/clientes/Svcbmf/App-Pagos/backend-api/vendor/laravel/framework/src/Illuminate/Routing/ControllerDispatcher.php(45): Illuminate\\Routing\\Controller->callAction('search', Array)
#12 /Volumes/Mac OS/Users/malcolm/Documents/clientes/Svcbmf/App-Pagos/backend-api/vendor/laravel/framework/src/Illuminate/Routing/Route.php(262): Illuminate\\Routing\\ControllerDispatcher->dispatch(Object(Illuminate\\Routing\\Route), Object(App\\Http\\Controllers\\Admin\\AdminUserController), 'search')
#13 /Volumes/Mac OS/Users/malcolm/Documents/clientes/Svcbmf/App-Pagos/backend-api/vendor/laravel/framework/src/Illuminate/Routing/Route.php(205): Illuminate\\Routing\\Route->runController()
#14 /Volumes/Mac OS/Users/malcolm/Documents/clientes/Svcbmf/App-Pagos/backend-api/vendor/laravel/framework/src/Illuminate/Routing/Router.php(721): Illuminate\\Routing\\Route->run()
#15 /Volumes/Mac OS/Users/malcolm/Documents/clientes/Svcbmf/App-Pagos/backend-api/vendor/laravel/framework/src/Illuminate/Pipeline/Pipeline.php(128): Illuminate\\Routing\\Router->Illuminate\\Routing\\{closure}(Object(Illuminate\\Http\\Request))
#16 /Volumes/Mac OS/Users/malcolm/Documents/clientes/Svcbmf/App-Pagos/backend-api/vendor/laravel/framework/src/Illuminate/Routing/Middleware/SubstituteBindings.php(50): Illuminate\\Pipeline\\Pipeline->Illuminate\\Pipeline\\{closure}(Object(Illuminate\\Http\\Request))
#17 /Volumes/Mac OS/Users/malcolm/Documents/clientes/Svcbmf/App-Pagos/backend-api/vendor/laravel/framework/src/Illuminate/Pipeline/Pipeline.php(167): Illuminate\\Routing\\Middleware\\SubstituteBindings->handle(Object(Illuminate\\Http\\Request), Object(Closure))
#18 /Volumes/Mac OS/Users/malcolm/Documents/clientes/Svcbmf/App-Pagos/backend-api/vendor/laravel/framework/src/Illuminate/Routing/Middleware/ThrottleRequests.php(127): Illuminate\\Pipeline\\Pipeline->Illuminate\\Pipeline\\{closure}(Object(Illuminate\\Http\\Request))
#19 /Volumes/Mac OS/Users/malcolm/Documents/clientes/Svcbmf/App-Pagos/backend-api/vendor/laravel/framework/src/Illuminate/Routing/Middleware/ThrottleRequests.php(103): Illuminate\\Routing\\Middleware\\ThrottleRequests->handleRequest(Object(Illuminate\\Http\\Request), Object(Closure), Array)
#20 /Volumes/Mac OS/Users/malcolm/Documents/clientes/Svcbmf/App-Pagos/backend-api/vendor/laravel/framework/src/Illuminate/Routing/Middleware/ThrottleRequests.php(55): Illuminate\\Routing\\Middleware\\ThrottleRequests->handleRequestUsingNamedLimiter(Object(Illuminate\\Http\\Request), Object(Closure), 'api', Object(Closure))
#21 /Volumes/Mac OS/Users/malcolm/Documents/clientes/Svcbmf/App-Pagos/backend-api/vendor/laravel/framework/src/Illuminate/Pipeline/Pipeline.php(167): Illuminate\\Routing\\Middleware\\ThrottleRequests->handle(Object(Illuminate\\Http\\Request), Object(Closure), 'api')
#22 /Volumes/Mac OS/Users/malcolm/Documents/clientes/Svcbmf/App-Pagos/backend-api/vendor/laravel/framework/src/Illuminate/Pipeline/Pipeline.php(103): Illuminate\\Pipeline\\Pipeline->Illuminate\\Pipeline\\{closure}(Object(Illuminate\\Http\\Request))
#23 /Volumes/Mac OS/Users/malcolm/Documents/clientes/Svcbmf/App-Pagos/backend-api/vendor/laravel/framework/src/Illuminate/Routing/Router.php(723): Illuminate\\Pipeline\\Pipeline->then(Object(Closure))
#24 /Volumes/Mac OS/Users/malcolm/Documents/clientes/Svcbmf/App-Pagos/backend-api/vendor/laravel/framework/src/Illuminate/Routing/Router.php(698): Illuminate\\Routing\\Router->runRouteWithinStack(Object(Illuminate\\Routing\\Route), Object(Illuminate\\Http\\Request))
#25 /Volumes/Mac OS/Users/malcolm/Documents/clientes/Svcbmf/App-Pagos/backend-api/vendor/laravel/framework/src/Illuminate/Routing/Router.php(662): Illuminate\\Routing\\Router->runRoute(Object(Illuminate\\Http\\Request), Object(Illuminate\\Routing\\Route))
#26 /Volumes/Mac OS/Users/malcolm/Documents/clientes/Svcbmf/App-Pagos/backend-api/vendor/laravel/framework/src/Illuminate/Routing/Router.php(651): Illuminate\\Routing\\Router->dispatchToRoute(Object(Illuminate\\Http\\Request))
#27 /Volumes/Mac OS/Users/malcolm/Documents/clientes/Svcbmf/App-Pagos/backend-api/vendor/laravel/framework/src/Illuminate/Foundation/Http/Kernel.php(167): Illuminate\\Routing\\Router->dispatch(Object(Illuminate\\Http\\Request))
#28 /Volumes/Mac OS/Users/malcolm/Documents/clientes/Svcbmf/App-Pagos/backend-api/vendor/laravel/framework/src/Illuminate/Pipeline/Pipeline.php(128): Illuminate\\Foundation\\Http\\Kernel->Illuminate\\Foundation\\Http\\{closure}(Object(Illuminate\\Http\\Request))
#29 /Volumes/Mac OS/Users/malcolm/Documents/clientes/Svcbmf/App-Pagos/backend-api/vendor/laravel/framework/src/Illuminate/Foundation/Http/Middleware/TransformsRequest.php(21): Illuminate\\Pipeline\\Pipeline->Illuminate\\Pipeline\\{closure}(Object(Illuminate\\Http\\Request))
#30 /Volumes/Mac OS/Users/malcolm/Documents/clientes/Svcbmf/App-Pagos/backend-api/vendor/laravel/framework/src/Illuminate/Foundation/Http/Middleware/ConvertEmptyStringsToNull.php(31): Illuminate\\Foundation\\Http\\Middleware\\TransformsRequest->handle(Object(Illuminate\\Http\\Request), Object(Closure))
#31 /Volumes/Mac OS/Users/malcolm/Documents/clientes/Svcbmf/App-Pagos/backend-api/vendor/laravel/framework/src/Illuminate/Pipeline/Pipeline.php(167): Illuminate\\Foundation\\Http\\Middleware\\ConvertEmptyStringsToNull->handle(Object(Illuminate\\Http\\Request), Object(Closure))
#32 /Volumes/Mac OS/Users/malcolm/Documents/clientes/Svcbmf/App-Pagos/backend-api/vendor/laravel/framework/src/Illuminate/Foundation/Http/Middleware/TransformsRequest.php(21): Illuminate\\Pipeline\\Pipeline->Illuminate\\Pipeline\\{closure}(Object(Illuminate\\Http\\Request))
#33 /Volumes/Mac OS/Users/malcolm/Documents/clientes/Svcbmf/App-Pagos/backend-api/vendor/laravel/framework/src/Illuminate/Foundation/Http/Middleware/TrimStrings.php(40): Illuminate\\Foundation\\Http\\Middleware\\TransformsRequest->handle(Object(Illuminate\\Http\\Request), Object(Closure))
#34 /Volumes/Mac OS/Users/malcolm/Documents/clientes/Svcbmf/App-Pagos/backend-api/vendor/laravel/framework/src/Illuminate/Pipeline/Pipeline.php(167): Illuminate\\Foundation\\Http\\Middleware\\TrimStrings->handle(Object(Illuminate\\Http\\Request), Object(Closure))
#35 /Volumes/Mac OS/Users/malcolm/Documents/clientes/Svcbmf/App-Pagos/backend-api/vendor/laravel/framework/src/Illuminate/Foundation/Http/Middleware/ValidatePostSize.php(27): Illuminate\\Pipeline\\Pipeline->Illuminate\\Pipeline\\{closure}(Object(Illuminate\\Http\\Request))
#36 /Volumes/Mac OS/Users/malcolm/Documents/clientes/Svcbmf/App-Pagos/backend-api/vendor/laravel/framework/src/Illuminate/Pipeline/Pipeline.php(167): Illuminate\\Foundation\\Http\\Middleware\\ValidatePostSize->handle(Object(Illuminate\\Http\\Request), Object(Closure))
#37 /Volumes/Mac OS/Users/malcolm/Documents/clientes/Svcbmf/App-Pagos/backend-api/vendor/laravel/framework/src/Illuminate/Foundation/Http/Middleware/PreventRequestsDuringMaintenance.php(86): Illuminate\\Pipeline\\Pipeline->Illuminate\\Pipeline\\{closure}(Object(Illuminate\\Http\\Request))
#38 /Volumes/Mac OS/Users/malcolm/Documents/clientes/Svcbmf/App-Pagos/backend-api/vendor/laravel/framework/src/Illuminate/Pipeline/Pipeline.php(167): Illuminate\\Foundation\\Http\\Middleware\\PreventRequestsDuringMaintenance->handle(Object(Illuminate\\Http\\Request), Object(Closure))
#39 /Volumes/Mac OS/Users/malcolm/Documents/clientes/Svcbmf/App-Pagos/backend-api/vendor/fruitcake/laravel-cors/src/HandleCors.php(52): Illuminate\\Pipeline\\Pipeline->Illuminate\\Pipeline\\{closure}(Object(Illuminate\\Http\\Request))
#40 /Volumes/Mac OS/Users/malcolm/Documents/clientes/Svcbmf/App-Pagos/backend-api/vendor/laravel/framework/src/Illuminate/Pipeline/Pipeline.php(167): Fruitcake\\Cors\\HandleCors->handle(Object(Illuminate\\Http\\Request), Object(Closure))
#41 /Volumes/Mac OS/Users/malcolm/Documents/clientes/Svcbmf/App-Pagos/backend-api/vendor/laravel/framework/src/Illuminate/Http/Middleware/TrustProxies.php(39): Illuminate\\Pipeline\\Pipeline->Illuminate\\Pipeline\\{closure}(Object(Illuminate\\Http\\Request))
#42 /Volumes/Mac OS/Users/malcolm/Documents/clientes/Svcbmf/App-Pagos/backend-api/vendor/laravel/framework/src/Illuminate/Pipeline/Pipeline.php(167): Illuminate\\Http\\Middleware\\TrustProxies->handle(Object(Illuminate\\Http\\Request), Object(Closure))
#43 /Volumes/Mac OS/Users/malcolm/Documents/clientes/Svcbmf/App-Pagos/backend-api/vendor/laravel/framework/src/Illuminate/Pipeline/Pipeline.php(103): Illuminate\\Pipeline\\Pipeline->Illuminate\\Pipeline\\{closure}(Object(Illuminate\\Http\\Request))
#44 /Volumes/Mac OS/Users/malcolm/Documents/clientes/Svcbmf/App-Pagos/backend-api/vendor/laravel/framework/src/Illuminate/Foundation/Http/Kernel.php(142): Illuminate\\Pipeline\\Pipeline->then(Object(Closure))
#45 /Volumes/Mac OS/Users/malcolm/Documents/clientes/Svcbmf/App-Pagos/backend-api/vendor/laravel/framework/src/Illuminate/Foundation/Http/Kernel.php(111): Illuminate\\Foundation\\Http\\Kernel->sendRequestThroughRouter(Object(Illuminate\\Http\\Request))
#46 /Volumes/Mac OS/Users/malcolm/Documents/clientes/Svcbmf/App-Pagos/backend-api/public/index.php(52): Illuminate\\Foundation\\Http\\Kernel->handle(Object(Illuminate\\Http\\Request))
#47 /Volumes/Mac OS/Users/malcolm/Documents/clientes/Svcbmf/App-Pagos/backend-api/server.php(21): require_once('/Volumes/Mac OS...')
#48 {main}

[previous exception] [object] (PDOException(code: 2002): SQLSTATE[HY000] [2002] No such file or directory at /Volumes/Mac OS/Users/malcolm/Documents/clientes/Svcbmf/App-Pagos/backend-api/vendor/laravel/framework/src/Illuminate/Database/Connectors/Connector.php:70)
[stacktrace]
#0 /Volumes/Mac OS/Users/malcolm/Documents/clientes/Svcbmf/App-Pagos/backend-api/vendor/laravel/framework/src/Illuminate/Database/Connectors/Connector.php(70): PDO->__construct('mysql:unix_sock...', 'root', 'root', Array)
#1 /Volumes/Mac OS/Users/malcolm/Documents/clientes/Svcbmf/App-Pagos/backend-api/vendor/laravel/framework/src/Illuminate/Database/Connectors/Connector.php(46): Illuminate\\Database\\Connectors\\Connector->createPdoConnection('mysql:unix_sock...', 'root', 'root', Array)
#2 /Volumes/Mac OS/Users/malcolm/Documents/clientes/Svcbmf/App-Pagos/backend-api/vendor/laravel/framework/src/Illuminate/Database/Connectors/MySqlConnector.php(24): Illuminate\\Database\\Connectors\\Connector->createConnection('mysql:unix_sock...', Array, Array)
#3 /Volumes/Mac OS/Users/malcolm/Documents/clientes/Svcbmf/App-Pagos/backend-api/vendor/laravel/framework/src/Illuminate/Database/Connectors/ConnectionFactory.php(184): Illuminate\\Database\\Connectors\\MySqlConnector->connect(Array)
#4 [internal function]: Illuminate\\Database\\Connectors\\ConnectionFactory->Illuminate\\Database\\Connectors\\{closure}()
#5 /Volumes/Mac OS/Users/malcolm/Documents/clientes/Svcbmf/App-Pagos/backend-api/vendor/laravel/framework/src/Illuminate/Database/Connection.php(1064): call_user_func(Object(Closure))
#6 /Volumes/Mac OS/Users/malcolm/Documents/clientes/Svcbmf/App-Pagos/backend-api/vendor/laravel/framework/src/Illuminate/Database/Connection.php(1100): Illuminate\\Database\\Connection->getPdo()
#7 /Volumes/Mac OS/Users/malcolm/Documents/clientes/Svcbmf/App-Pagos/backend-api/vendor/laravel/framework/src/Illuminate/Database/Connection.php(442): Illuminate\\Database\\Connection->getReadPdo()
#8 /Volumes/Mac OS/Users/malcolm/Documents/clientes/Svcbmf/App-Pagos/backend-api/vendor/laravel/framework/src/Illuminate/Database/Connection.php(368): Illuminate\\Database\\Connection->getPdoForSelect(true)
#9 /Volumes/Mac OS/Users/malcolm/Documents/clientes/Svcbmf/App-Pagos/backend-api/vendor/laravel/framework/src/Illuminate/Database/Connection.php(705): Illuminate\\Database\\Connection->Illuminate\\Database\\{closure}('select * from `...', Array)
#10 /Volumes/Mac OS/Users/malcolm/Documents/clientes/Svcbmf/App-Pagos/backend-api/vendor/laravel/framework/src/Illuminate/Database/Connection.php(672): Illuminate\\Database\\Connection->runQueryCallback('select * from `...', Array, Object(Closure))
#11 /Volumes/Mac OS/Users/malcolm/Documents/clientes/Svcbmf/App-Pagos/backend-api/vendor/laravel/framework/src/Illuminate/Database/Connection.php(376): Illuminate\\Database\\Connection->run('select * from `...', Array, Object(Closure))
#12 /Volumes/Mac OS/Users/malcolm/Documents/clientes/Svcbmf/App-Pagos/backend-api/vendor/laravel/framework/src/Illuminate/Database/Query/Builder.php(2414): Illuminate\\Database\\Connection->select('select * from `...', Array, true)
#13 /Volumes/Mac OS/Users/malcolm/Documents/clientes/Svcbmf/App-Pagos/backend-api/vendor/laravel/framework/src/Illuminate/Database/Query/Builder.php(2402): Illuminate\\Database\\Query\\Builder->runSelect()
#14 /Volumes/Mac OS/Users/malcolm/Documents/clientes/Svcbmf/App-Pagos/backend-api/vendor/laravel/framework/src/Illuminate/Database/Query/Builder.php(2936): Illuminate\\Database\\Query\\Builder->Illuminate\\Database\\Query\\{closure}()
#15 /Volumes/Mac OS/Users/malcolm/Documents/clientes/Svcbmf/App-Pagos/backend-api/vendor/laravel/framework/src/Illuminate/Database/Query/Builder.php(2403): Illuminate\\Database\\Query\\Builder->onceWithColumns(Array, Object(Closure))
#16 /Volumes/Mac OS/Users/malcolm/Documents/clientes/Svcbmf/App-Pagos/backend-api/vendor/laravel/framework/src/Illuminate/Database/Eloquent/Builder.php(625): Illuminate\\Database\\Query\\Builder->get(Array)
#17 /Volumes/Mac OS/Users/malcolm/Documents/clientes/Svcbmf/App-Pagos/backend-api/vendor/laravel/framework/src/Illuminate/Database/Eloquent/Builder.php(609): Illuminate\\Database\\Eloquent\\Builder->getModels(Array)
#18 /Volumes/Mac OS/Users/malcolm/Documents/clientes/Svcbmf/App-Pagos/backend-api/app/Models/User.php(141): Illuminate\\Database\\Eloquent\\Builder->get()
#19 /Volumes/Mac OS/Users/malcolm/Documents/clientes/Svcbmf/App-Pagos/backend-api/app/Http/Controllers/Admin/AdminUserController.php(169): App\\Models\\User::search('admin')
#20 /Volumes/Mac OS/Users/malcolm/Documents/clientes/Svcbmf/App-Pagos/backend-api/vendor/laravel/framework/src/Illuminate/Routing/Controller.php(54): App\\Http\\Controllers\\Admin\\AdminUserController->search(Object(Illuminate\\Http\\Request))
#21 /Volumes/Mac OS/Users/malcolm/Documents/clientes/Svcbmf/App-Pagos/backend-api/vendor/laravel/framework/src/Illuminate/Routing/ControllerDispatcher.php(45): Illuminate\\Routing\\Controller->callAction('search', Array)
#22 /Volumes/Mac OS/Users/malcolm/Documents/clientes/Svcbmf/App-Pagos/backend-api/vendor/laravel/framework/src/Illuminate/Routing/Route.php(262): Illuminate\\Routing\\ControllerDispatcher->dispatch(Object(Illuminate\\Routing\\Route), Object(App\\Http\\Controllers\\Admin\\AdminUserController), 'search')
#23 /Volumes/Mac OS/Users/malcolm/Documents/clientes/Svcbmf/App-Pagos/backend-api/vendor/laravel/framework/src/Illuminate/Routing/Route.php(205): Illuminate\\Routing\\Route->runController()
#24 /Volumes/Mac OS/Users/malcolm/Documents/clientes/Svcbmf/App-Pagos/backend-api/vendor/laravel/framework/src/Illuminate/Routing/Router.php(721): Illuminate\\Routing\\Route->run()
#25 /Volumes/Mac OS/Users/malcolm/Documents/clientes/Svcbmf/App-Pagos/backend-api/vendor/laravel/framework/src/Illuminate/Pipeline/Pipeline.php(128): Illuminate\\Routing\\Router->Illuminate\\Routing\\{closure}(Object(Illuminate\\Http\\Request))
#26 /Volumes/Mac OS/Users/malcolm/Documents/clientes/Svcbmf/App-Pagos/backend-api/vendor/laravel/framework/src/Illuminate/Routing/Middleware/SubstituteBindings.php(50): Illuminate\\Pipeline\\Pipeline->Illuminate\\Pipeline\\{closure}(Object(Illuminate\\Http\\Request))
#27 /Volumes/Mac OS/Users/malcolm/Documents/clientes/Svcbmf/App-Pagos/backend-api/vendor/laravel/framework/src/Illuminate/Pipeline/Pipeline.php(167): Illuminate\\Routing\\Middleware\\SubstituteBindings->handle(Object(Illuminate\\Http\\Request), Object(Closure))
#28 /Volumes/Mac OS/Users/malcolm/Documents/clientes/Svcbmf/App-Pagos/backend-api/vendor/laravel/framework/src/Illuminate/Routing/Middleware/ThrottleRequests.php(127): Illuminate\\Pipeline\\Pipeline->Illuminate\\Pipeline\\{closure}(Object(Illuminate\\Http\\Request))
#29 /Volumes/Mac OS/Users/malcolm/Documents/clientes/Svcbmf/App-Pagos/backend-api/vendor/laravel/framework/src/Illuminate/Routing/Middleware/ThrottleRequests.php(103): Illuminate\\Routing\\Middleware\\ThrottleRequests->handleRequest(Object(Illuminate\\Http\\Request), Object(Closure), Array)
#30 /Volumes/Mac OS/Users/malcolm/Documents/clientes/Svcbmf/App-Pagos/backend-api/vendor/laravel/framework/src/Illuminate/Routing/Middleware/ThrottleRequests.php(55): Illuminate\\Routing\\Middleware\\ThrottleRequests->handleRequestUsingNamedLimiter(Object(Illuminate\\Http\\Request), Object(Closure), 'api', Object(Closure))
#31 /Volumes/Mac OS/Users/malcolm/Documents/clientes/Svcbmf/App-Pagos/backend-api/vendor/laravel/framework/src/Illuminate/Pipeline/Pipeline.php(167): Illuminate\\Routing\\Middleware\\ThrottleRequests->handle(Object(Illuminate\\Http\\Request), Object(Closure), 'api')
#32 /Volumes/Mac OS/Users/malcolm/Documents/clientes/Svcbmf/App-Pagos/backend-api/vendor/laravel/framework/src/Illuminate/Pipeline/Pipeline.php(103): Illuminate\\Pipeline\\Pipeline->Illuminate\\Pipeline\\{closure}(Object(Illuminate\\Http\\Request))
#33 /Volumes/Mac OS/Users/malcolm/Documents/clientes/Svcbmf/App-Pagos/backend-api/vendor/laravel/framework/src/Illuminate/Routing/Router.php(723): Illuminate\\Pipeline\\Pipeline->then(Object(Closure))
#34 /Volumes/Mac OS/Users/malcolm/Documents/clientes/Svcbmf/App-Pagos/backend-api/vendor/laravel/framework/src/Illuminate/Routing/Router.php(698): Illuminate\\Routing\\Router->runRouteWithinStack(Object(Illuminate\\Routing\\Route), Object(Illuminate\\Http\\Request))
#35 /Volumes/Mac OS/Users/malcolm/Documents/clientes/Svcbmf/App-Pagos/backend-api/vendor/laravel/framework/src/Illuminate/Routing/Router.php(662): Illuminate\\Routing\\Router->runRoute(Object(Illuminate\\Http\\Request), Object(Illuminate\\Routing\\Route))
#36 /Volumes/Mac OS/Users/malcolm/Documents/clientes/Svcbmf/App-Pagos/backend-api/vendor/laravel/framework/src/Illuminate/Routing/Router.php(651): Illuminate\\Routing\\Router->dispatchToRoute(Object(Illuminate\\Http\\Request))
#37 /Volumes/Mac OS/Users/malcolm/Documents/clientes/Svcbmf/App-Pagos/backend-api/vendor/laravel/framework/src/Illuminate/Foundation/Http/Kernel.php(167): Illuminate\\Routing\\Router->dispatch(Object(Illuminate\\Http\\Request))
#38 /Volumes/Mac OS/Users/malcolm/Documents/clientes/Svcbmf/App-Pagos/backend-api/vendor/laravel/framework/src/Illuminate/Pipeline/Pipeline.php(128): Illuminate\\Foundation\\Http\\Kernel->Illuminate\\Foundation\\Http\\{closure}(Object(Illuminate\\Http\\Request))
#39 /Volumes/Mac OS/Users/malcolm/Documents/clientes/Svcbmf/App-Pagos/backend-api/vendor/laravel/framework/src/Illuminate/Foundation/Http/Middleware/TransformsRequest.php(21): Illuminate\\Pipeline\\Pipeline->Illuminate\\Pipeline\\{closure}(Object(Illuminate\\Http\\Request))
#40 /Volumes/Mac OS/Users/malcolm/Documents/clientes/Svcbmf/App-Pagos/backend-api/vendor/laravel/framework/src/Illuminate/Foundation/Http/Middleware/ConvertEmptyStringsToNull.php(31): Illuminate\\Foundation\\Http\\Middleware\\TransformsRequest->handle(Object(Illuminate\\Http\\Request), Object(Closure))
#41 /Volumes/Mac OS/Users/malcolm/Documents/clientes/Svcbmf/App-Pagos/backend-api/vendor/laravel/framework/src/Illuminate/Pipeline/Pipeline.php(167): Illuminate\\Foundation\\Http\\Middleware\\ConvertEmptyStringsToNull->handle(Object(Illuminate\\Http\\Request), Object(Closure))
#42 /Volumes/Mac OS/Users/malcolm/Documents/clientes/Svcbmf/App-Pagos/backend-api/vendor/laravel/framework/src/Illuminate/Foundation/Http/Middleware/TransformsRequest.php(21): Illuminate\\Pipeline\\Pipeline->Illuminate\\Pipeline\\{closure}(Object(Illuminate\\Http\\Request))
#43 /Volumes/Mac OS/Users/malcolm/Documents/clientes/Svcbmf/App-Pagos/backend-api/vendor/laravel/framework/src/Illuminate/Foundation/Http/Middleware/TrimStrings.php(40): Illuminate\\Foundation\\Http\\Middleware\\TransformsRequest->handle(Object(Illuminate\\Http\\Request), Object(Closure))
#44 /Volumes/Mac OS/Users/malcolm/Documents/clientes/Svcbmf/App-Pagos/backend-api/vendor/laravel/framework/src/Illuminate/Pipeline/Pipeline.php(167): Illuminate\\Foundation\\Http\\Middleware\\TrimStrings->handle(Object(Illuminate\\Http\\Request), Object(Closure))
#45 /Volumes/Mac OS/Users/malcolm/Documents/clientes/Svcbmf/App-Pagos/backend-api/vendor/laravel/framework/src/Illuminate/Foundation/Http/Middleware/ValidatePostSize.php(27): Illuminate\\Pipeline\\Pipeline->Illuminate\\Pipeline\\{closure}(Object(Illuminate\\Http\\Request))
#46 /Volumes/Mac OS/Users/malcolm/Documents/clientes/Svcbmf/App-Pagos/backend-api/vendor/laravel/framework/src/Illuminate/Pipeline/Pipeline.php(167): Illuminate\\Foundation\\Http\\Middleware\\ValidatePostSize->handle(Object(Illuminate\\Http\\Request), Object(Closure))
#47 /Volumes/Mac OS/Users/malcolm/Documents/clientes/Svcbmf/App-Pagos/backend-api/vendor/laravel/framework/src/Illuminate/Foundation/Http/Middleware/PreventRequestsDuringMaintenance.php(86): Illuminate\\Pipeline\\Pipeline->Illuminate\\Pipeline\\{closure}(Object(Illuminate\\Http\\Request))
#48 /Volumes/Mac OS/Users/malcolm/Documents/clientes/Svcbmf/App-Pagos/backend-api/vendor/laravel/framework/src/Illuminate/Pipeline/Pipeline.php(167): Illuminate\\Foundation\\Http\\Middleware\\PreventRequestsDuringMaintenance->handle(Object(Illuminate\\Http\\Request), Object(Closure))
#49 /Volumes/Mac OS/Users/malcolm/Documents/clientes/Svcbmf/App-Pagos/backend-api/vendor/fruitcake/laravel-cors/src/HandleCors.php(52): Illuminate\\Pipeline\\Pipeline->Illuminate\\Pipeline\\{closure}(Object(Illuminate\\Http\\Request))
#50 /Volumes/Mac OS/Users/malcolm/Documents/clientes/Svcbmf/App-Pagos/backend-api/vendor/laravel/framework/src/Illuminate/Pipeline/Pipeline.php(167): Fruitcake\\Cors\\HandleCors->handle(Object(Illuminate\\Http\\Request), Object(Closure))
#51 /Volumes/Mac OS/Users/malcolm/Documents/clientes/Svcbmf/App-Pagos/backend-api/vendor/laravel/framework/src/Illuminate/Http/Middleware/TrustProxies.php(39): Illuminate\\Pipeline\\Pipeline->Illuminate\\Pipeline\\{closure}(Object(Illuminate\\Http\\Request))
#52 /Volumes/Mac OS/Users/malcolm/Documents/clientes/Svcbmf/App-Pagos/backend-api/vendor/laravel/framework/src/Illuminate/Pipeline/Pipeline.php(167): Illuminate\\Http\\Middleware\\TrustProxies->handle(Object(Illuminate\\Http\\Request), Object(Closure))
#53 /Volumes/Mac OS/Users/malcolm/Documents/clientes/Svcbmf/App-Pagos/backend-api/vendor/laravel/framework/src/Illuminate/Pipeline/Pipeline.php(103): Illuminate\\Pipeline\\Pipeline->Illuminate\\Pipeline\\{closure}(Object(Illuminate\\Http\\Request))
#54 /Volumes/Mac OS/Users/malcolm/Documents/clientes/Svcbmf/App-Pagos/backend-api/vendor/laravel/framework/src/Illuminate/Foundation/Http/Kernel.php(142): Illuminate\\Pipeline\\Pipeline->then(Object(Closure))
#55 /Volumes/Mac OS/Users/malcolm/Documents/clientes/Svcbmf/App-Pagos/backend-api/vendor/laravel/framework/src/Illuminate/Foundation/Http/Kernel.php(111): Illuminate\\Foundation\\Http\\Kernel->sendRequestThroughRouter(Object(Illuminate\\Http\\Request))
#56 /Volumes/Mac OS/Users/malcolm/Documents/clientes/Svcbmf/App-Pagos/backend-api/public/index.php(52): Illuminate\\Foundation\\Http\\Kernel->handle(Object(Illuminate\\Http\\Request))
#57 /Volumes/Mac OS/Users/malcolm/Documents/clientes/Svcbmf/App-Pagos/backend-api/server.php(21): require_once('/Volumes/Mac OS...')
#58 {main}
"} 
